--------------------------------------------------------------------------------
Release 12.4 Trace  (lin64)
Copyright (c) 1995-2010 Xilinx, Inc.  All rights reserved.

/opt/Xilinx/12.4/ISE_DS/ISE/bin/lin64/unwrapped/trce -intstyle ise -v 3 -s 5 -n
3 -fastpaths -xml Board232.twx Board232.ncd -o Board232.twr Board232.pcf -ucf
Board232.ucf

Design file:              Board232.ncd
Physical constraint file: Board232.pcf
Device,package,speed:     xc3s250e,cp132,-5 (PRODUCTION 1.27 2010-11-18)
Report level:             verbose report

Environment Variable      Effect 
--------------------      ------ 
NONE                      No environment variables were set
--------------------------------------------------------------------------------

INFO:Timing:2698 - No timing constraints found, doing default enumeration.
INFO:Timing:2752 - To get complete path coverage, use the unconstrained paths 
   option. All paths that are not constrained will be reported in the 
   unconstrained paths section(s) of the report.
INFO:Timing:3339 - The clock-to-out numbers in this timing report are based on 
   a 50 Ohm transmission line loading model.  For the details of this model, 
   and for more information on accounting for different loading conditions, 
   please see the device datasheet.
INFO:Timing:3390 - This architecture does not support a default System Jitter 
   value, please add SYSTEM_JITTER constraint to the UCF to modify the Clock 
   Uncertainty calculation.
INFO:Timing:3389 - This architecture does not support 'Discrete Jitter' and 
   'Phase Error' calculations, these terms will be zero in the Clock 
   Uncertainty calculation.  Please make appropriate modification to 
   SYSTEM_JITTER to account for the unsupported Discrete Jitter and Phase 
   Error.



Data Sheet report:
-----------------
All values displayed in nanoseconds (ns)

Setup/Hold to clock btn<0>
------------+------------+------------+------------------+--------+
            |Max Setup to|Max Hold to |                  | Clock  |
Source      | clk (edge) | clk (edge) |Internal Clock(s) | Phase  |
------------+------------+------------+------------------+--------+
sw<0>       |    3.245(R)|    1.003(R)|clk               |   0.000|
sw<1>       |    4.407(R)|    0.596(R)|clk               |   0.000|
sw<3>       |    5.848(R)|   -0.892(R)|clk               |   0.000|
sw<4>       |    4.949(R)|   -0.176(R)|clk               |   0.000|
sw<5>       |    6.130(R)|   -1.094(R)|clk               |   0.000|
sw<6>       |    5.888(R)|   -0.883(R)|clk               |   0.000|
sw<7>       |    5.401(R)|   -0.538(R)|clk               |   0.000|
------------+------------+------------+------------------+--------+

Setup/Hold to clock sw<2>
------------+------------+------------+------------------+--------+
            |Max Setup to|Max Hold to |                  | Clock  |
Source      | clk (edge) | clk (edge) |Internal Clock(s) | Phase  |
------------+------------+------------+------------------+--------+
sw<0>       |    2.423(R)|    2.030(R)|clk               |   0.000|
sw<1>       |    3.585(R)|    1.623(R)|clk               |   0.000|
sw<3>       |    5.026(R)|    0.135(R)|clk               |   0.000|
sw<4>       |    4.127(R)|    0.851(R)|clk               |   0.000|
sw<5>       |    5.308(R)|   -0.067(R)|clk               |   0.000|
sw<6>       |    5.066(R)|    0.144(R)|clk               |   0.000|
sw<7>       |    4.579(R)|    0.489(R)|clk               |   0.000|
------------+------------+------------+------------------+--------+

Clock btn<0> to Pad
------------+------------+------------------+--------+
            | clk (edge) |                  | Clock  |
Destination |   to PAD   |Internal Clock(s) | Phase  |
------------+------------+------------------+--------+
led<7>      |    7.322(R)|clk               |   0.000|
seg<0>      |   14.438(R)|clk               |   0.000|
seg<1>      |   14.539(R)|clk               |   0.000|
seg<2>      |   15.103(R)|clk               |   0.000|
seg<3>      |   14.945(R)|clk               |   0.000|
seg<4>      |   14.740(R)|clk               |   0.000|
seg<5>      |   14.453(R)|clk               |   0.000|
seg<6>      |   14.745(R)|clk               |   0.000|
------------+------------+------------------+--------+

Clock mclk to Pad
------------+------------+------------------+--------+
            | clk (edge) |                  | Clock  |
Destination |   to PAD   |Internal Clock(s) | Phase  |
------------+------------+------------------+--------+
an<0>       |   10.135(R)|mclk_BUFGP        |   0.000|
an<1>       |    9.631(R)|mclk_BUFGP        |   0.000|
an<2>       |    9.608(R)|mclk_BUFGP        |   0.000|
an<3>       |    9.528(R)|mclk_BUFGP        |   0.000|
seg<0>      |   12.783(R)|mclk_BUFGP        |   0.000|
seg<1>      |   12.884(R)|mclk_BUFGP        |   0.000|
seg<2>      |   13.448(R)|mclk_BUFGP        |   0.000|
seg<3>      |   13.290(R)|mclk_BUFGP        |   0.000|
seg<4>      |   13.085(R)|mclk_BUFGP        |   0.000|
seg<5>      |   12.798(R)|mclk_BUFGP        |   0.000|
seg<6>      |   13.090(R)|mclk_BUFGP        |   0.000|
------------+------------+------------------+--------+

Clock sw<2> to Pad
------------+------------+------------------+--------+
            | clk (edge) |                  | Clock  |
Destination |   to PAD   |Internal Clock(s) | Phase  |
------------+------------+------------------+--------+
led<7>      |    8.349(R)|clk               |   0.000|
seg<0>      |   15.465(R)|clk               |   0.000|
seg<1>      |   15.566(R)|clk               |   0.000|
seg<2>      |   16.130(R)|clk               |   0.000|
seg<3>      |   15.972(R)|clk               |   0.000|
seg<4>      |   15.767(R)|clk               |   0.000|
seg<5>      |   15.480(R)|clk               |   0.000|
seg<6>      |   15.772(R)|clk               |   0.000|
------------+------------+------------------+--------+

Clock to Setup on destination clock btn<0>
---------------+---------+---------+---------+---------+
               | Src:Rise| Src:Fall| Src:Rise| Src:Fall|
Source Clock   |Dest:Rise|Dest:Rise|Dest:Fall|Dest:Fall|
---------------+---------+---------+---------+---------+
btn<0>         |    6.039|         |         |         |
sw<2>          |    6.039|         |         |         |
---------------+---------+---------+---------+---------+

Clock to Setup on destination clock mclk
---------------+---------+---------+---------+---------+
               | Src:Rise| Src:Fall| Src:Rise| Src:Fall|
Source Clock   |Dest:Rise|Dest:Rise|Dest:Fall|Dest:Fall|
---------------+---------+---------+---------+---------+
mclk           |    3.847|         |         |         |
---------------+---------+---------+---------+---------+

Clock to Setup on destination clock sw<2>
---------------+---------+---------+---------+---------+
               | Src:Rise| Src:Fall| Src:Rise| Src:Fall|
Source Clock   |Dest:Rise|Dest:Rise|Dest:Fall|Dest:Fall|
---------------+---------+---------+---------+---------+
btn<0>         |    6.039|         |         |         |
sw<2>          |    6.039|         |         |         |
---------------+---------+---------+---------+---------+


Analysis completed Fri Apr 15 21:02:16 2016 
--------------------------------------------------------------------------------

Trace Settings:
-------------------------
Trace Settings 

Peak Memory Usage: 233 MB



