Release 12.4 - xst M.81d (lin64)
Copyright (c) 1995-2010 Xilinx, Inc.  All rights reserved.
--> 
Parameter TMPDIR set to xst/projnav.tmp


Total REAL time to Xst completion: 0.00 secs
Total CPU time to Xst completion: 0.03 secs
 
--> 
Parameter xsthdpdir set to xst


Total REAL time to Xst completion: 0.00 secs
Total CPU time to Xst completion: 0.03 secs
 
--> 
Reading design: Board232.prj

TABLE OF CONTENTS
  1) Synthesis Options Summary
  2) HDL Compilation
  3) Design Hierarchy Analysis
  4) HDL Analysis
  5) HDL Synthesis
     5.1) HDL Synthesis Report
  6) Advanced HDL Synthesis
     6.1) Advanced HDL Synthesis Report
  7) Low Level Synthesis
  8) Partition Report
  9) Final Report
	9.1) Device utilization summary
	9.2) Partition Resource Summary
	9.3) TIMING REPORT


=========================================================================
*                      Synthesis Options Summary                        *
=========================================================================
---- Source Parameters
Input File Name                    : "Board232.prj"
Input Format                       : mixed
Ignore Synthesis Constraint File   : NO

---- Target Parameters
Output File Name                   : "Board232"
Output Format                      : NGC
Target Device                      : xc3s250e-5-cp132

---- Source Options
Top Module Name                    : Board232
Automatic FSM Extraction           : YES
FSM Encoding Algorithm             : Auto
Safe Implementation                : No
FSM Style                          : LUT
RAM Extraction                     : Yes
RAM Style                          : Auto
ROM Extraction                     : Yes
Mux Style                          : Auto
Decoder Extraction                 : YES
Priority Encoder Extraction        : Yes
Shift Register Extraction          : YES
Logical Shifter Extraction         : YES
XOR Collapsing                     : YES
ROM Style                          : Auto
Mux Extraction                     : Yes
Resource Sharing                   : YES
Asynchronous To Synchronous        : NO
Multiplier Style                   : Auto
Automatic Register Balancing       : No

---- Target Options
Add IO Buffers                     : YES
Global Maximum Fanout              : 500
Add Generic Clock Buffer(BUFG)     : 24
Register Duplication               : YES
Slice Packing                      : YES
Optimize Instantiated Primitives   : NO
Use Clock Enable                   : Yes
Use Synchronous Set                : Yes
Use Synchronous Reset              : Yes
Pack IO Registers into IOBs        : Auto
Equivalent register Removal        : YES

---- General Options
Optimization Goal                  : Speed
Optimization Effort                : 1
Keep Hierarchy                     : No
Netlist Hierarchy                  : As_Optimized
RTL Output                         : Yes
Global Optimization                : AllClockNets
Read Cores                         : YES
Write Timing Constraints           : NO
Cross Clock Analysis               : NO
Hierarchy Separator                : /
Bus Delimiter                      : <>
Case Specifier                     : Maintain
Slice Utilization Ratio            : 100
BRAM Utilization Ratio             : 100
Verilog 2001                       : YES
Auto BRAM Packing                  : NO
Slice Utilization Ratio Delta      : 5

=========================================================================


=========================================================================
*                          HDL Compilation                              *
=========================================================================
Compiling verilog file "lab3_2.v" in library work
Compiling verilog file "Board232.v" in library work
Module <lab3_2> compiled
Module <Board232> compiled
No errors in compilation
Analysis of file <"Board232.prj"> succeeded.
 

=========================================================================
*                     Design Hierarchy Analysis                         *
=========================================================================
Analyzing hierarchy for module <Board232> in library <work>.

Analyzing hierarchy for module <lab3_2> in library <work>.


=========================================================================
*                            HDL Analysis                               *
=========================================================================
Analyzing top module <Board232>.
WARNING:Xst:2725 - "Board232.v" line 81: Size mismatch between case item and case selector.
WARNING:Xst:2725 - "Board232.v" line 82: Size mismatch between case item and case selector.
WARNING:Xst:2725 - "Board232.v" line 83: Size mismatch between case item and case selector.
WARNING:Xst:2725 - "Board232.v" line 84: Size mismatch between case item and case selector.
WARNING:Xst:2725 - "Board232.v" line 85: Size mismatch between case item and case selector.
WARNING:Xst:2725 - "Board232.v" line 86: Size mismatch between case item and case selector.
WARNING:Xst:2725 - "Board232.v" line 87: Size mismatch between case item and case selector.
WARNING:Xst:2725 - "Board232.v" line 88: Size mismatch between case item and case selector.
WARNING:Xst:2725 - "Board232.v" line 89: Size mismatch between case item and case selector.
WARNING:Xst:2725 - "Board232.v" line 90: Size mismatch between case item and case selector.
WARNING:Xst:2725 - "Board232.v" line 91: Size mismatch between case item and case selector.
WARNING:Xst:2725 - "Board232.v" line 92: Size mismatch between case item and case selector.
WARNING:Xst:2725 - "Board232.v" line 93: Size mismatch between case item and case selector.
WARNING:Xst:2725 - "Board232.v" line 94: Size mismatch between case item and case selector.
WARNING:Xst:2725 - "Board232.v" line 95: Size mismatch between case item and case selector.
WARNING:Xst:2725 - "Board232.v" line 96: Size mismatch between case item and case selector.
WARNING:Xst:905 - "Board232.v" line 56: One or more signals are missing in the sensitivity list of always block. To enable synthesis of FPGA/CPLD hardware, XST will assume that all necessary signals are present in the sensitivity list. Please note that the result of the synthesis may differ from the initial design specification. The missing signals are:
   <numOfFanInH>, <numOfFanInA>, <tmp_digit>
Module <Board232> is correct for synthesis.
 
Analyzing module <lab3_2> in library <work>.
Module <lab3_2> is correct for synthesis.
 

=========================================================================
*                           HDL Synthesis                               *
=========================================================================

Performing bidirectional port resolution...

Synthesizing Unit <lab3_2>.
    Related source file is "lab3_2.v".
    Found 8-bit updown counter for signal <numOfFanInA>.
    Found 8-bit updown counter for signal <numOfFanInH>.
    Found 1-bit register for signal <gateWar>.
    Found 3-bit adder for signal <gateWar$add0000> created at line 20.
    Found 2-bit adder for signal <gateWar$addsub0001> created at line 20.
    Found 1-bit adder carry out for signal <gateWar$addsub0003> created at line 20.
    Found 2-bit adder carry out for signal <gateWar$addsub0004> created at line 20.
    Found 3-bit comparator greater for signal <gateWar$cmp_gt0000> created at line 23.
    Found 3-bit comparator less for signal <gateWar$cmp_lt0000> created at line 20.
    Found 8-bit comparator greatequal for signal <numOfFanInA$cmp_ge0000> created at line 28.
    Found 3-bit comparator greatequal for signal <numOfFanInA$cmp_ge0001> created at line 26.
    Found 8-bit comparator lessequal for signal <numOfFanInA$cmp_le0000> created at line 30.
    Found 8-bit comparator less for signal <numOfFanInA$cmp_lt0000> created at line 47.
    Found 8-bit addsub for signal <numOfFanInA$mux0000>.
    Found 8-bit comparator greatequal for signal <numOfFanInH$cmp_ge0000> created at line 37.
    Found 8-bit comparator lessequal for signal <numOfFanInH$cmp_le0000> created at line 39.
    Found 3-bit comparator lessequal for signal <numOfFanInH$cmp_le0001> created at line 35.
    Found 8-bit comparator less for signal <numOfFanInH$cmp_lt0000> created at line 54.
    Found 8-bit addsub for signal <numOfFanInH$mux0000>.
    Summary:
	inferred   2 Counter(s).
	inferred   1 D-type flip-flop(s).
	inferred   6 Adder/Subtractor(s).
	inferred  10 Comparator(s).
Unit <lab3_2> synthesized.


Synthesizing Unit <Board232>.
    Related source file is "Board232.v".
WARNING:Xst:647 - Input <btn<3:1>> is never used. This port will be preserved and left unconnected if it belongs to a top-level block or it belongs to a sub-block and the hierarchy of this sub-block is preserved.
WARNING:Xst:646 - Signal <tmp_digit> is assigned but never used. This unconnected signal will be trimmed during the optimization process.
    Found 16x7-bit ROM for signal <seg$mux0000>.
    Found 1-of-4 decoder for signal <an>.
    Found 27-bit up counter for signal <mclk_counter>.
    Summary:
	inferred   1 ROM(s).
	inferred   1 Counter(s).
	inferred   8 Multiplexer(s).
	inferred   1 Decoder(s).
Unit <Board232> synthesized.

INFO:Xst:1767 - HDL ADVISOR - Resource sharing has identified that some arithmetic operations in this design can share the same physical resources for reduced device utilization. For improved clock frequency you may try to disable resource sharing.

=========================================================================
HDL Synthesis Report

Macro Statistics
# ROMs                                                 : 1
 16x7-bit ROM                                          : 1
# Adders/Subtractors                                   : 6
 1-bit adder carry out                                 : 1
 2-bit adder                                           : 1
 2-bit adder carry out                                 : 1
 3-bit adder                                           : 1
 8-bit addsub                                          : 2
# Counters                                             : 3
 27-bit up counter                                     : 1
 8-bit updown counter                                  : 2
# Registers                                            : 1
 1-bit register                                        : 1
# Comparators                                          : 10
 3-bit comparator greatequal                           : 1
 3-bit comparator greater                              : 1
 3-bit comparator less                                 : 1
 3-bit comparator lessequal                            : 1
 8-bit comparator greatequal                           : 2
 8-bit comparator less                                 : 2
 8-bit comparator lessequal                            : 2
# Multiplexers                                         : 1
 8-bit 4-to-1 multiplexer                              : 1
# Decoders                                             : 1
 1-of-4 decoder                                        : 1

=========================================================================

=========================================================================
*                       Advanced HDL Synthesis                          *
=========================================================================


=========================================================================
Advanced HDL Synthesis Report

Macro Statistics
# ROMs                                                 : 1
 16x7-bit ROM                                          : 1
# Adders/Subtractors                                   : 6
 1-bit adder carry out                                 : 1
 2-bit adder                                           : 1
 2-bit adder carry out                                 : 1
 3-bit adder                                           : 1
 8-bit addsub                                          : 2
# Counters                                             : 3
 27-bit up counter                                     : 1
 8-bit updown counter                                  : 2
# Registers                                            : 1
 Flip-Flops                                            : 1
# Comparators                                          : 10
 3-bit comparator greatequal                           : 1
 3-bit comparator greater                              : 1
 3-bit comparator less                                 : 1
 3-bit comparator lessequal                            : 1
 8-bit comparator greatequal                           : 2
 8-bit comparator less                                 : 2
 8-bit comparator lessequal                            : 2
# Multiplexers                                         : 1
 8-bit 4-to-1 multiplexer                              : 1
# Decoders                                             : 1
 1-of-4 decoder                                        : 1

=========================================================================

=========================================================================
*                         Low Level Synthesis                           *
=========================================================================
WARNING:Xst:2677 - Node <mclk_counter_26> of sequential type is unconnected in block <Board232>.

Optimizing unit <Board232> ...

Optimizing unit <lab3_2> ...

Mapping all equations...
Building and optimizing final netlist ...
Found area constraint ratio of 100 (+ 5) on block Board232, actual ratio is 3.

Final Macro Processing ...

=========================================================================
Final Register Report

Macro Statistics
# Registers                                            : 43
 Flip-Flops                                            : 43

=========================================================================

=========================================================================
*                           Partition Report                            *
=========================================================================

Partition Implementation Status
-------------------------------

  No Partitions were found in this design.

-------------------------------

=========================================================================
*                            Final Report                               *
=========================================================================
Final Results
RTL Top Level Output File Name     : Board232.ngr
Top Level Output File Name         : Board232
Output Format                      : NGC
Optimization Goal                  : Speed
Keep Hierarchy                     : No

Design Statistics
# IOs                              : 43

Cell Usage :
# BELS                             : 259
#      GND                         : 1
#      INV                         : 1
#      LUT1                        : 25
#      LUT2                        : 6
#      LUT2_D                      : 2
#      LUT3                        : 21
#      LUT3_D                      : 4
#      LUT3_L                      : 2
#      LUT4                        : 75
#      LUT4_D                      : 4
#      LUT4_L                      : 10
#      MULT_AND                    : 14
#      MUXCY                       : 39
#      MUXF5                       : 12
#      VCC                         : 1
#      XORCY                       : 42
# FlipFlops/Latches                : 43
#      FD                          : 26
#      FDE                         : 16
#      FDS                         : 1
# Clock Buffers                    : 1
#      BUFGP                       : 1
# IO Buffers                       : 39
#      IBUF                        : 9
#      OBUF                        : 30
=========================================================================

Device utilization summary:
---------------------------

Selected Device : 3s250ecp132-5 

 Number of Slices:                       78  out of   2448     3%  
 Number of Slice Flip Flops:             42  out of   4896     0%  
 Number of 4 input LUTs:                150  out of   4896     3%  
 Number of IOs:                          43
 Number of bonded IOBs:                  40  out of     92    43%  
    IOB Flip Flops:                       1
 Number of GCLKs:                         1  out of     24     4%  

---------------------------
Partition Resource Summary:
---------------------------

  No Partitions were found in this design.

---------------------------


=========================================================================
TIMING REPORT

NOTE: THESE TIMING NUMBERS ARE ONLY A SYNTHESIS ESTIMATE.
      FOR ACCURATE TIMING INFORMATION PLEASE REFER TO THE TRACE REPORT
      GENERATED AFTER PLACE-and-ROUTE.

Clock Information:
------------------
-----------------------------------+--------------------------+-------+
Clock Signal                       | Clock buffer(FF name)    | Load  |
-----------------------------------+--------------------------+-------+
mclk                               | BUFGP                    | 26    |
clk(clk1:O)                        | NONE(*)(HH/numOfFanInA_7)| 17    |
-----------------------------------+--------------------------+-------+
(*) This 1 clock signal(s) are generated by combinatorial logic,
and XST is not able to identify which are the primary clock signals.
Please use the CLOCK_SIGNAL constraint to specify the clock signal(s) generated by combinatorial logic.
INFO:Xst:2169 - HDL ADVISOR - Some clock signals were not automatically buffered by XST with BUFG/BUFR resources. Please use the buffer_type constraint in order to insert these buffers to the clock signals to help prevent skew problems.

Asynchronous Control Signals Information:
----------------------------------------
No asynchronous control signals found in this design

Timing Summary:
---------------
Speed Grade: -5

   Minimum period: 7.641ns (Maximum Frequency: 130.874MHz)
   Minimum input arrival time before clock: 8.237ns
   Maximum output required time after clock: 9.539ns
   Maximum combinational path delay: No path found

Timing Detail:
--------------
All values displayed in nanoseconds (ns)

=========================================================================
Timing constraint: Default period analysis for Clock 'mclk'
  Clock period: 4.191ns (frequency: 238.635MHz)
  Total number of paths / destination ports: 351 / 26
-------------------------------------------------------------------------
Delay:               4.191ns (Levels of Logic = 26)
  Source:            mclk_counter_1 (FF)
  Destination:       mclk_counter_25 (FF)
  Source Clock:      mclk rising
  Destination Clock: mclk rising

  Data Path: mclk_counter_1 to mclk_counter_25
                                Gate     Net
    Cell:in->out      fanout   Delay   Delay  Logical Name (Net Name)
    ----------------------------------------  ------------
     FD:C->Q               1   0.514   0.509  mclk_counter_1 (mclk_counter_1)
     LUT1:I0->O            1   0.612   0.000  Mcount_mclk_counter_cy<1>_rt (Mcount_mclk_counter_cy<1>_rt)
     MUXCY:S->O            1   0.404   0.000  Mcount_mclk_counter_cy<1> (Mcount_mclk_counter_cy<1>)
     MUXCY:CI->O           1   0.052   0.000  Mcount_mclk_counter_cy<2> (Mcount_mclk_counter_cy<2>)
     MUXCY:CI->O           1   0.052   0.000  Mcount_mclk_counter_cy<3> (Mcount_mclk_counter_cy<3>)
     MUXCY:CI->O           1   0.052   0.000  Mcount_mclk_counter_cy<4> (Mcount_mclk_counter_cy<4>)
     MUXCY:CI->O           1   0.051   0.000  Mcount_mclk_counter_cy<5> (Mcount_mclk_counter_cy<5>)
     MUXCY:CI->O           1   0.051   0.000  Mcount_mclk_counter_cy<6> (Mcount_mclk_counter_cy<6>)
     MUXCY:CI->O           1   0.051   0.000  Mcount_mclk_counter_cy<7> (Mcount_mclk_counter_cy<7>)
     MUXCY:CI->O           1   0.051   0.000  Mcount_mclk_counter_cy<8> (Mcount_mclk_counter_cy<8>)
     MUXCY:CI->O           1   0.051   0.000  Mcount_mclk_counter_cy<9> (Mcount_mclk_counter_cy<9>)
     MUXCY:CI->O           1   0.051   0.000  Mcount_mclk_counter_cy<10> (Mcount_mclk_counter_cy<10>)
     MUXCY:CI->O           1   0.051   0.000  Mcount_mclk_counter_cy<11> (Mcount_mclk_counter_cy<11>)
     MUXCY:CI->O           1   0.051   0.000  Mcount_mclk_counter_cy<12> (Mcount_mclk_counter_cy<12>)
     MUXCY:CI->O           1   0.051   0.000  Mcount_mclk_counter_cy<13> (Mcount_mclk_counter_cy<13>)
     MUXCY:CI->O           1   0.051   0.000  Mcount_mclk_counter_cy<14> (Mcount_mclk_counter_cy<14>)
     MUXCY:CI->O           1   0.051   0.000  Mcount_mclk_counter_cy<15> (Mcount_mclk_counter_cy<15>)
     MUXCY:CI->O           1   0.051   0.000  Mcount_mclk_counter_cy<16> (Mcount_mclk_counter_cy<16>)
     MUXCY:CI->O           1   0.051   0.000  Mcount_mclk_counter_cy<17> (Mcount_mclk_counter_cy<17>)
     MUXCY:CI->O           1   0.051   0.000  Mcount_mclk_counter_cy<18> (Mcount_mclk_counter_cy<18>)
     MUXCY:CI->O           1   0.051   0.000  Mcount_mclk_counter_cy<19> (Mcount_mclk_counter_cy<19>)
     MUXCY:CI->O           1   0.051   0.000  Mcount_mclk_counter_cy<20> (Mcount_mclk_counter_cy<20>)
     MUXCY:CI->O           1   0.051   0.000  Mcount_mclk_counter_cy<21> (Mcount_mclk_counter_cy<21>)
     MUXCY:CI->O           1   0.051   0.000  Mcount_mclk_counter_cy<22> (Mcount_mclk_counter_cy<22>)
     MUXCY:CI->O           1   0.051   0.000  Mcount_mclk_counter_cy<23> (Mcount_mclk_counter_cy<23>)
     MUXCY:CI->O           0   0.051   0.000  Mcount_mclk_counter_cy<24> (Mcount_mclk_counter_cy<24>)
     XORCY:CI->O           1   0.699   0.000  Mcount_mclk_counter_xor<25> (Result<25>)
     FD:D                      0.268          mclk_counter_25
    ----------------------------------------
    Total                      4.191ns (3.682ns logic, 0.509ns route)
                                       (87.9% logic, 12.1% route)

=========================================================================
Timing constraint: Default period analysis for Clock 'clk'
  Clock period: 7.641ns (frequency: 130.874MHz)
  Total number of paths / destination ports: 2074 / 32
-------------------------------------------------------------------------
Delay:               7.641ns (Levels of Logic = 7)
  Source:            HH/numOfFanInA_0 (FF)
  Destination:       HH/numOfFanInA_7 (FF)
  Source Clock:      clk rising
  Destination Clock: clk rising

  Data Path: HH/numOfFanInA_0 to HH/numOfFanInA_7
                                Gate     Net
    Cell:in->out      fanout   Delay   Delay  Logical Name (Net Name)
    ----------------------------------------  ------------
     FDE:C->Q             14   0.514   1.002  HH/numOfFanInA_0 (HH/numOfFanInA_0)
     LUT4_D:I0->O          5   0.612   0.541  HH/numOfFanInA_not00013112 (HH/numOfFanInA_not00013112)
     LUT4:I3->O            2   0.612   0.383  HH/Maddsub_numOfFanInA_mux0000_lut<5>1 (HH/Maddsub_numOfFanInA_mux0000_lut<5>)
     LUT4:I3->O            2   0.612   0.410  HH/Maddsub_numOfFanInA_mux0000_xor<7>11_SW1 (N43)
     LUT4:I2->O            1   0.612   0.360  HH/Maddsub_numOfFanInA_mux0000_xor<6>11 (HH/numOfFanInA_mux0000<6>)
     LUT4:I3->O            1   0.612   0.000  HH/Mcount_numOfFanInA_lut<6> (HH/Mcount_numOfFanInA_lut<6>)
     MUXCY:S->O            0   0.404   0.000  HH/Mcount_numOfFanInA_cy<6> (HH/Mcount_numOfFanInA_cy<6>)
     XORCY:CI->O           1   0.699   0.000  HH/Mcount_numOfFanInA_xor<7> (HH/Mcount_numOfFanInA8)
     FDE:D                     0.268          HH/numOfFanInA_7
    ----------------------------------------
    Total                      7.641ns (4.945ns logic, 2.696ns route)
                                       (64.7% logic, 35.3% route)

=========================================================================
Timing constraint: Default OFFSET IN BEFORE for Clock 'clk'
  Total number of paths / destination ports: 1837 / 33
-------------------------------------------------------------------------
Offset:              8.237ns (Levels of Logic = 8)
  Source:            sw<1> (PAD)
  Destination:       HH/numOfFanInA_7 (FF)
  Destination Clock: clk rising

  Data Path: sw<1> to HH/numOfFanInA_7
                                Gate     Net
    Cell:in->out      fanout   Delay   Delay  Logical Name (Net Name)
    ----------------------------------------  ------------
     IBUF:I->O            11   1.106   0.945  sw_1_IBUF (sw_1_IBUF)
     LUT3_D:I0->O          2   0.612   0.410  HH/numOfFanInH_not00013132 (HH/numOfFanInH_not00013132)
     LUT4:I2->O           16   0.612   0.882  HH/numOfFanInH_not00013134 (HH/numOfFanInH_and0001)
     LUT4_L:I3->LO         1   0.612   0.103  HH/Maddsub_numOfFanInH_mux0000_xor<6>11_SW0 (N73)
     LUT4:I3->O            1   0.612   0.360  HH/Maddsub_numOfFanInH_mux0000_xor<6>11 (HH/numOfFanInH_mux0000<6>)
     LUT4:I3->O            1   0.612   0.000  HH/Mcount_numOfFanInH_lut<6> (HH/Mcount_numOfFanInH_lut<6>)
     MUXCY:S->O            0   0.404   0.000  HH/Mcount_numOfFanInH_cy<6> (HH/Mcount_numOfFanInH_cy<6>)
     XORCY:CI->O           1   0.699   0.000  HH/Mcount_numOfFanInH_xor<7> (HH/Mcount_numOfFanInH8)
     FDE:D                     0.268          HH/numOfFanInH_7
    ----------------------------------------
    Total                      8.237ns (5.537ns logic, 2.700ns route)
                                       (67.2% logic, 32.8% route)

=========================================================================
Timing constraint: Default OFFSET OUT AFTER for Clock 'mclk'
  Total number of paths / destination ports: 162 / 11
-------------------------------------------------------------------------
Offset:              9.499ns (Levels of Logic = 6)
  Source:            mclk_counter_18 (FF)
  Destination:       seg<4> (PAD)
  Source Clock:      mclk rising

  Data Path: mclk_counter_18 to seg<4>
                                Gate     Net
    Cell:in->out      fanout   Delay   Delay  Logical Name (Net Name)
    ----------------------------------------  ------------
     FD:C->Q              11   0.514   0.862  mclk_counter_18 (mclk_counter_18)
     LUT4:I1->O            1   0.612   0.509  seg_and000032 (seg_and000032)
     LUT3:I0->O            1   0.612   0.360  seg_and000047_SW0 (N163)
     LUT4:I3->O           14   0.612   1.002  seg_and000047 (seg_and0000)
     LUT4:I0->O            1   0.612   0.000  seg<4>2 (seg<4>2)
     MUXF5:I0->O           1   0.278   0.357  seg<4>_f5 (seg_4_OBUF)
     OBUF:I->O                 3.169          seg_4_OBUF (seg<4>)
    ----------------------------------------
    Total                      9.499ns (6.409ns logic, 3.090ns route)
                                       (67.5% logic, 32.5% route)

=========================================================================
Timing constraint: Default OFFSET OUT AFTER for Clock 'clk'
  Total number of paths / destination ports: 211 / 8
-------------------------------------------------------------------------
Offset:              9.539ns (Levels of Logic = 6)
  Source:            HH/numOfFanInH_6 (FF)
  Destination:       seg<4> (PAD)
  Source Clock:      clk rising

  Data Path: HH/numOfFanInH_6 to seg<4>
                                Gate     Net
    Cell:in->out      fanout   Delay   Delay  Logical Name (Net Name)
    ----------------------------------------  ------------
     FDE:C->Q             10   0.514   0.902  HH/numOfFanInH_6 (HH/numOfFanInH_6)
     LUT4:I0->O            1   0.612   0.509  seg_and000032 (seg_and000032)
     LUT3:I0->O            1   0.612   0.360  seg_and000047_SW0 (N163)
     LUT4:I3->O           14   0.612   1.002  seg_and000047 (seg_and0000)
     LUT4:I0->O            1   0.612   0.000  seg<4>2 (seg<4>2)
     MUXF5:I0->O           1   0.278   0.357  seg<4>_f5 (seg_4_OBUF)
     OBUF:I->O                 3.169          seg_4_OBUF (seg<4>)
    ----------------------------------------
    Total                      9.539ns (6.409ns logic, 3.130ns route)
                                       (67.2% logic, 32.8% route)

=========================================================================


Total REAL time to Xst completion: 4.00 secs
Total CPU time to Xst completion: 3.32 secs
 
--> 


Total memory usage is 343492 kilobytes

Number of errors   :    0 (   0 filtered)
Number of warnings :   20 (   0 filtered)
Number of infos    :    2 (   0 filtered)

