--------------------------------------------------------------------------------
Release 12.4 Trace  (lin64)
Copyright (c) 1995-2010 Xilinx, Inc.  All rights reserved.

/opt/Xilinx/12.4/ISE_DS/ISE/bin/lin64/unwrapped/trce -intstyle ise -v 3 -s 5 -n
3 -fastpaths -xml Board232.twx Board232.ncd -o Board232.twr Board232.pcf -ucf
Board232.ucf

Design file:              Board232.ncd
Physical constraint file: Board232.pcf
Device,package,speed:     xc3s250e,cp132,-5 (PRODUCTION 1.27 2010-11-18)
Report level:             verbose report

Environment Variable      Effect 
--------------------      ------ 
NONE                      No environment variables were set
--------------------------------------------------------------------------------

INFO:Timing:2698 - No timing constraints found, doing default enumeration.
INFO:Timing:2752 - To get complete path coverage, use the unconstrained paths 
   option. All paths that are not constrained will be reported in the 
   unconstrained paths section(s) of the report.
INFO:Timing:3339 - The clock-to-out numbers in this timing report are based on 
   a 50 Ohm transmission line loading model.  For the details of this model, 
   and for more information on accounting for different loading conditions, 
   please see the device datasheet.
INFO:Timing:3390 - This architecture does not support a default System Jitter 
   value, please add SYSTEM_JITTER constraint to the UCF to modify the Clock 
   Uncertainty calculation.
INFO:Timing:3389 - This architecture does not support 'Discrete Jitter' and 
   'Phase Error' calculations, these terms will be zero in the Clock 
   Uncertainty calculation.  Please make appropriate modification to 
   SYSTEM_JITTER to account for the unsupported Discrete Jitter and Phase 
   Error.



Data Sheet report:
-----------------
All values displayed in nanoseconds (ns)

Setup/Hold to clock btn<0>
------------+------------+------------+------------------+--------+
            |Max Setup to|Max Hold to |                  | Clock  |
Source      | clk (edge) | clk (edge) |Internal Clock(s) | Phase  |
------------+------------+------------+------------------+--------+
btn<1>      |    3.227(R)|    2.377(R)|clk               |   0.000|
sw<0>       |   -0.167(R)|    2.173(R)|clk               |   0.000|
sw<1>       |    0.784(R)|    1.513(R)|clk               |   0.000|
sw<2>       |   -1.008(R)|    2.845(R)|clk               |   0.000|
sw<3>       |   -0.532(R)|    2.464(R)|clk               |   0.000|
sw<4>       |   -1.334(R)|    3.107(R)|clk               |   0.000|
sw<5>       |   -1.319(R)|    3.094(R)|clk               |   0.000|
sw<6>       |   -1.195(R)|    2.996(R)|clk               |   0.000|
sw<7>       |    2.962(R)|    1.933(R)|clk               |   0.000|
------------+------------+------------+------------------+--------+

Setup/Hold to clock btn<3>
------------+------------+------------+------------------+--------+
            |Max Setup to|Max Hold to |                  | Clock  |
Source      | clk (edge) | clk (edge) |Internal Clock(s) | Phase  |
------------+------------+------------+------------------+--------+
btn<1>      |    3.406(R)|    2.154(R)|clk               |   0.000|
sw<0>       |    0.012(R)|    1.950(R)|clk               |   0.000|
sw<1>       |    0.963(R)|    1.290(R)|clk               |   0.000|
sw<2>       |   -0.829(R)|    2.622(R)|clk               |   0.000|
sw<3>       |   -0.353(R)|    2.241(R)|clk               |   0.000|
sw<4>       |   -1.155(R)|    2.884(R)|clk               |   0.000|
sw<5>       |   -1.140(R)|    2.871(R)|clk               |   0.000|
sw<6>       |   -1.016(R)|    2.773(R)|clk               |   0.000|
sw<7>       |    3.141(R)|    1.710(R)|clk               |   0.000|
------------+------------+------------+------------------+--------+

Clock btn<0> to Pad
------------+------------+------------------+--------+
            | clk (edge) |                  | Clock  |
Destination |   to PAD   |Internal Clock(s) | Phase  |
------------+------------+------------------+--------+
led<0>      |   11.180(R)|clk               |   0.000|
led<1>      |   10.953(R)|clk               |   0.000|
led<2>      |   10.391(R)|clk               |   0.000|
led<3>      |   10.110(R)|clk               |   0.000|
led<4>      |   10.000(R)|clk               |   0.000|
led<5>      |   11.266(R)|clk               |   0.000|
led<6>      |   10.338(R)|clk               |   0.000|
led<7>      |    9.914(R)|clk               |   0.000|
------------+------------+------------------+--------+

Clock btn<3> to Pad
------------+------------+------------------+--------+
            | clk (edge) |                  | Clock  |
Destination |   to PAD   |Internal Clock(s) | Phase  |
------------+------------+------------------+--------+
led<0>      |   10.957(R)|clk               |   0.000|
led<1>      |   10.730(R)|clk               |   0.000|
led<2>      |   10.168(R)|clk               |   0.000|
led<3>      |    9.887(R)|clk               |   0.000|
led<4>      |    9.777(R)|clk               |   0.000|
led<5>      |   11.043(R)|clk               |   0.000|
led<6>      |   10.115(R)|clk               |   0.000|
led<7>      |    9.691(R)|clk               |   0.000|
------------+------------+------------------+--------+

Clock mclk to Pad
------------+------------+------------------+--------+
            | clk (edge) |                  | Clock  |
Destination |   to PAD   |Internal Clock(s) | Phase  |
------------+------------+------------------+--------+
an<0>       |    8.346(R)|mclk_BUFGP        |   0.000|
------------+------------+------------------+--------+

Clock to Setup on destination clock btn<0>
---------------+---------+---------+---------+---------+
               | Src:Rise| Src:Fall| Src:Rise| Src:Fall|
Source Clock   |Dest:Rise|Dest:Rise|Dest:Fall|Dest:Fall|
---------------+---------+---------+---------+---------+
btn<0>         |    6.459|         |         |         |
btn<3>         |    6.459|         |         |         |
---------------+---------+---------+---------+---------+

Clock to Setup on destination clock btn<3>
---------------+---------+---------+---------+---------+
               | Src:Rise| Src:Fall| Src:Rise| Src:Fall|
Source Clock   |Dest:Rise|Dest:Rise|Dest:Fall|Dest:Fall|
---------------+---------+---------+---------+---------+
btn<0>         |    6.459|         |         |         |
btn<3>         |    6.459|         |         |         |
---------------+---------+---------+---------+---------+

Clock to Setup on destination clock mclk
---------------+---------+---------+---------+---------+
               | Src:Rise| Src:Fall| Src:Rise| Src:Fall|
Source Clock   |Dest:Rise|Dest:Rise|Dest:Fall|Dest:Fall|
---------------+---------+---------+---------+---------+
mclk           |    3.847|         |         |         |
---------------+---------+---------+---------+---------+


Analysis completed Sun May 22 13:29:12 2016 
--------------------------------------------------------------------------------

Trace Settings:
-------------------------
Trace Settings 

Peak Memory Usage: 234 MB



